  stdafx.cpp
  AtgXmlParser.cpp
  AtgXmlWriter.cpp
  AtgAnimation.cpp
  AtgCamera.cpp
  AtgFrame.cpp
  AtgLight.cpp
  AtgMaterials.cpp
  AtgModel.cpp
  AtgNamedTypedObject.cpp
  AtgResourceDatabase.cpp
  AtgScene.cpp
  AtgSceneMesh.cpp
  AtgSkeletalAnimation.cpp
  AtgBound.cpp
  AtgCollision.cpp
  AtgAvatarRenderer.cpp
  AtgDebugDraw.cpp
  AtgFont.cpp
  AtgMesh.cpp
  AtgPostProcess.cpp
  AtgSimpleShaders.cpp
  AtgEnumStrings.cpp
  AtgMediaLocator.cpp
  AtgResource.cpp
  AtgSceneFileParser.cpp
  AtgHttp.cpp
  AtgJson.cpp
  AtgRest.cpp
  AtgApp.cpp
  AtgConsole.cpp
  AtgDevice.cpp
  AtgHelp.cpp
  AtgInput.cpp
  AtgAudio.cpp
  ATGDsp.cpp
  ATGSpectralDisplay.cpp
  AtgWavebank.cpp
  AtgUtil.cpp
  AtgXime.cpp
  AtgSessionManager.cpp
  AtgSignIn.cpp
  ATGNuiJointFilter.cpp
  AtgNuiCommon.cpp
  AtgNuiHandRefinement.cpp
  AtgNuiJointConverter.cpp
  AtgNuiMenu.cpp
  AtgNuiRelativeCoordinates.cpp
  AtgNuiVisualization.cpp
  AtgFramework2010.vcxproj -> C:\Users\Mena\source\repos\KeBlowFusePatchGenerator\Common\Release_LTCG\AtgFramework.lib
