C:\USERS\MENA\DOCUMENTS\GITHUB\KEBLOWFUSEPATCHGENERATOR\COMMON\RELEASE_LTCG\ATGANIMATION.OBJ
C:\USERS\MENA\DOCUMENTS\GITHUB\KEBLOWFUSEPATCHGENERATOR\COMMON\RELEASE_LTCG\ATGAPP.OBJ
C:\USERS\MENA\DOCUMENTS\GITHUB\KEBLOWFUSEPATCHGENERATOR\COMMON\RELEASE_LTCG\ATGAUDIO.OBJ
C:\USERS\MENA\DOCUMENTS\GITHUB\KEBLOWFUSEPATCHGENERATOR\COMMON\RELEASE_LTCG\ATGAVATARRENDERER.OBJ
C:\USERS\MENA\DOCUMENTS\GITHUB\KEBLOWFUSEPATCHGENERATOR\COMMON\RELEASE_LTCG\ATGBOUND.OBJ
C:\USERS\MENA\DOCUMENTS\GITHUB\KEBLOWFUSEPATCHGENERATOR\COMMON\RELEASE_LTCG\ATGCAMERA.OBJ
C:\USERS\MENA\DOCUMENTS\GITHUB\KEBLOWFUSEPATCHGENERATOR\COMMON\RELEASE_LTCG\ATGCOLLISION.OBJ
C:\USERS\MENA\DOCUMENTS\GITHUB\KEBLOWFUSEPATCHGENERATOR\COMMON\RELEASE_LTCG\ATGCONSOLE.OBJ
C:\USERS\MENA\DOCUMENTS\GITHUB\KEBLOWFUSEPATCHGENERATOR\COMMON\RELEASE_LTCG\ATGDEBUGDRAW.OBJ
C:\USERS\MENA\DOCUMENTS\GITHUB\KEBLOWFUSEPATCHGENERATOR\COMMON\RELEASE_LTCG\ATGDEVICE.OBJ
C:\USERS\MENA\DOCUMENTS\GITHUB\KEBLOWFUSEPATCHGENERATOR\COMMON\RELEASE_LTCG\ATGDSP.OBJ
C:\USERS\MENA\DOCUMENTS\GITHUB\KEBLOWFUSEPATCHGENERATOR\COMMON\RELEASE_LTCG\ATGENUMSTRINGS.OBJ
C:\USERS\MENA\DOCUMENTS\GITHUB\KEBLOWFUSEPATCHGENERATOR\COMMON\RELEASE_LTCG\ATGFONT.OBJ
C:\USERS\MENA\DOCUMENTS\GITHUB\KEBLOWFUSEPATCHGENERATOR\COMMON\RELEASE_LTCG\ATGFRAME.OBJ
C:\USERS\MENA\DOCUMENTS\GITHUB\KEBLOWFUSEPATCHGENERATOR\COMMON\RELEASE_LTCG\ATGFRAMEWORK.LIB
C:\USERS\MENA\DOCUMENTS\GITHUB\KEBLOWFUSEPATCHGENERATOR\COMMON\RELEASE_LTCG\ATGFRAMEWORK.PCH
C:\USERS\MENA\DOCUMENTS\GITHUB\KEBLOWFUSEPATCHGENERATOR\COMMON\RELEASE_LTCG\ATGHELP.OBJ
C:\USERS\MENA\DOCUMENTS\GITHUB\KEBLOWFUSEPATCHGENERATOR\COMMON\RELEASE_LTCG\ATGHTTP.OBJ
C:\USERS\MENA\DOCUMENTS\GITHUB\KEBLOWFUSEPATCHGENERATOR\COMMON\RELEASE_LTCG\ATGINPUT.OBJ
C:\USERS\MENA\DOCUMENTS\GITHUB\KEBLOWFUSEPATCHGENERATOR\COMMON\RELEASE_LTCG\ATGJSON.OBJ
C:\USERS\MENA\DOCUMENTS\GITHUB\KEBLOWFUSEPATCHGENERATOR\COMMON\RELEASE_LTCG\ATGLIGHT.OBJ
C:\USERS\MENA\DOCUMENTS\GITHUB\KEBLOWFUSEPATCHGENERATOR\COMMON\RELEASE_LTCG\ATGMATERIALS.OBJ
C:\USERS\MENA\DOCUMENTS\GITHUB\KEBLOWFUSEPATCHGENERATOR\COMMON\RELEASE_LTCG\ATGMEDIALOCATOR.OBJ
C:\USERS\MENA\DOCUMENTS\GITHUB\KEBLOWFUSEPATCHGENERATOR\COMMON\RELEASE_LTCG\ATGMESH.OBJ
C:\USERS\MENA\DOCUMENTS\GITHUB\KEBLOWFUSEPATCHGENERATOR\COMMON\RELEASE_LTCG\ATGMODEL.OBJ
C:\USERS\MENA\DOCUMENTS\GITHUB\KEBLOWFUSEPATCHGENERATOR\COMMON\RELEASE_LTCG\ATGNAMEDTYPEDOBJECT.OBJ
C:\USERS\MENA\DOCUMENTS\GITHUB\KEBLOWFUSEPATCHGENERATOR\COMMON\RELEASE_LTCG\ATGNUICOMMON.OBJ
C:\USERS\MENA\DOCUMENTS\GITHUB\KEBLOWFUSEPATCHGENERATOR\COMMON\RELEASE_LTCG\ATGNUIHANDREFINEMENT.OBJ
C:\USERS\MENA\DOCUMENTS\GITHUB\KEBLOWFUSEPATCHGENERATOR\COMMON\RELEASE_LTCG\ATGNUIJOINTCONVERTER.OBJ
C:\USERS\MENA\DOCUMENTS\GITHUB\KEBLOWFUSEPATCHGENERATOR\COMMON\RELEASE_LTCG\ATGNUIJOINTFILTER.OBJ
C:\USERS\MENA\DOCUMENTS\GITHUB\KEBLOWFUSEPATCHGENERATOR\COMMON\RELEASE_LTCG\ATGNUIMENU.OBJ
C:\USERS\MENA\DOCUMENTS\GITHUB\KEBLOWFUSEPATCHGENERATOR\COMMON\RELEASE_LTCG\ATGNUIRELATIVECOORDINATES.OBJ
C:\USERS\MENA\DOCUMENTS\GITHUB\KEBLOWFUSEPATCHGENERATOR\COMMON\RELEASE_LTCG\ATGNUIVISUALIZATION.OBJ
C:\USERS\MENA\DOCUMENTS\GITHUB\KEBLOWFUSEPATCHGENERATOR\COMMON\RELEASE_LTCG\ATGPOSTPROCESS.OBJ
C:\USERS\MENA\DOCUMENTS\GITHUB\KEBLOWFUSEPATCHGENERATOR\COMMON\RELEASE_LTCG\ATGRESOURCE.OBJ
C:\USERS\MENA\DOCUMENTS\GITHUB\KEBLOWFUSEPATCHGENERATOR\COMMON\RELEASE_LTCG\ATGRESOURCEDATABASE.OBJ
C:\USERS\MENA\DOCUMENTS\GITHUB\KEBLOWFUSEPATCHGENERATOR\COMMON\RELEASE_LTCG\ATGREST.OBJ
C:\USERS\MENA\DOCUMENTS\GITHUB\KEBLOWFUSEPATCHGENERATOR\COMMON\RELEASE_LTCG\ATGSCENE.OBJ
C:\USERS\MENA\DOCUMENTS\GITHUB\KEBLOWFUSEPATCHGENERATOR\COMMON\RELEASE_LTCG\ATGSCENEFILEPARSER.OBJ
C:\USERS\MENA\DOCUMENTS\GITHUB\KEBLOWFUSEPATCHGENERATOR\COMMON\RELEASE_LTCG\ATGSCENEMESH.OBJ
C:\USERS\MENA\DOCUMENTS\GITHUB\KEBLOWFUSEPATCHGENERATOR\COMMON\RELEASE_LTCG\ATGSESSIONMANAGER.OBJ
C:\USERS\MENA\DOCUMENTS\GITHUB\KEBLOWFUSEPATCHGENERATOR\COMMON\RELEASE_LTCG\ATGSIGNIN.OBJ
C:\USERS\MENA\DOCUMENTS\GITHUB\KEBLOWFUSEPATCHGENERATOR\COMMON\RELEASE_LTCG\ATGSIMPLESHADERS.OBJ
C:\USERS\MENA\DOCUMENTS\GITHUB\KEBLOWFUSEPATCHGENERATOR\COMMON\RELEASE_LTCG\ATGSKELETALANIMATION.OBJ
C:\USERS\MENA\DOCUMENTS\GITHUB\KEBLOWFUSEPATCHGENERATOR\COMMON\RELEASE_LTCG\ATGSPECTRALDISPLAY.OBJ
C:\USERS\MENA\DOCUMENTS\GITHUB\KEBLOWFUSEPATCHGENERATOR\COMMON\RELEASE_LTCG\ATGUTIL.OBJ
C:\USERS\MENA\DOCUMENTS\GITHUB\KEBLOWFUSEPATCHGENERATOR\COMMON\RELEASE_LTCG\ATGWAVEBANK.OBJ
C:\USERS\MENA\DOCUMENTS\GITHUB\KEBLOWFUSEPATCHGENERATOR\COMMON\RELEASE_LTCG\ATGXIME.OBJ
C:\USERS\MENA\DOCUMENTS\GITHUB\KEBLOWFUSEPATCHGENERATOR\COMMON\RELEASE_LTCG\ATGXMLPARSER.OBJ
C:\USERS\MENA\DOCUMENTS\GITHUB\KEBLOWFUSEPATCHGENERATOR\COMMON\RELEASE_LTCG\ATGXMLWRITER.OBJ
C:\Users\Mena\Documents\GitHub\KeBlowFusePatchGenerator\Common\Release_LTCG\CL.10736.read.1.tlog
C:\Users\Mena\Documents\GitHub\KeBlowFusePatchGenerator\Common\Release_LTCG\CL.10736.write.1.tlog
C:\Users\Mena\Documents\GitHub\KeBlowFusePatchGenerator\Common\Release_LTCG\CL.18272.read.1.tlog
C:\Users\Mena\Documents\GitHub\KeBlowFusePatchGenerator\Common\Release_LTCG\CL.18272.write.1.tlog
C:\Users\Mena\Documents\GitHub\KeBlowFusePatchGenerator\Common\Release_LTCG\CL.18932.read.1.tlog
C:\Users\Mena\Documents\GitHub\KeBlowFusePatchGenerator\Common\Release_LTCG\CL.18932.write.1.tlog
C:\Users\Mena\Documents\GitHub\KeBlowFusePatchGenerator\Common\Release_LTCG\CL.20896.read.1.tlog
C:\Users\Mena\Documents\GitHub\KeBlowFusePatchGenerator\Common\Release_LTCG\CL.20896.write.1.tlog
C:\Users\Mena\Documents\GitHub\KeBlowFusePatchGenerator\Common\Release_LTCG\CL.20916.read.1.tlog
C:\Users\Mena\Documents\GitHub\KeBlowFusePatchGenerator\Common\Release_LTCG\CL.20916.write.1.tlog
C:\Users\Mena\Documents\GitHub\KeBlowFusePatchGenerator\Common\Release_LTCG\CL.25244.read.1.tlog
C:\Users\Mena\Documents\GitHub\KeBlowFusePatchGenerator\Common\Release_LTCG\CL.25244.write.1.tlog
C:\Users\Mena\Documents\GitHub\KeBlowFusePatchGenerator\Common\Release_LTCG\CL.30212.read.1.tlog
C:\Users\Mena\Documents\GitHub\KeBlowFusePatchGenerator\Common\Release_LTCG\CL.30212.write.1.tlog
C:\Users\Mena\Documents\GitHub\KeBlowFusePatchGenerator\Common\Release_LTCG\CL.30392.read.1.tlog
C:\Users\Mena\Documents\GitHub\KeBlowFusePatchGenerator\Common\Release_LTCG\CL.30392.write.1.tlog
C:\Users\Mena\Documents\GitHub\KeBlowFusePatchGenerator\Common\Release_LTCG\CL.33696.read.1.tlog
C:\Users\Mena\Documents\GitHub\KeBlowFusePatchGenerator\Common\Release_LTCG\CL.33696.write.1.tlog
C:\Users\Mena\Documents\GitHub\KeBlowFusePatchGenerator\Common\Release_LTCG\CL.39180.read.1.tlog
C:\Users\Mena\Documents\GitHub\KeBlowFusePatchGenerator\Common\Release_LTCG\CL.39180.write.1.tlog
C:\Users\Mena\Documents\GitHub\KeBlowFusePatchGenerator\Common\Release_LTCG\CL.41212.read.1.tlog
C:\Users\Mena\Documents\GitHub\KeBlowFusePatchGenerator\Common\Release_LTCG\CL.41212.write.1.tlog
C:\Users\Mena\Documents\GitHub\KeBlowFusePatchGenerator\Common\Release_LTCG\CL.42080.read.1.tlog
C:\Users\Mena\Documents\GitHub\KeBlowFusePatchGenerator\Common\Release_LTCG\CL.42080.write.1.tlog
C:\Users\Mena\Documents\GitHub\KeBlowFusePatchGenerator\Common\Release_LTCG\CL.45304.read.1.tlog
C:\Users\Mena\Documents\GitHub\KeBlowFusePatchGenerator\Common\Release_LTCG\CL.45304.write.1.tlog
C:\Users\Mena\Documents\GitHub\KeBlowFusePatchGenerator\Common\Release_LTCG\CL.47868.read.1.tlog
C:\Users\Mena\Documents\GitHub\KeBlowFusePatchGenerator\Common\Release_LTCG\CL.47868.write.1.tlog
C:\Users\Mena\Documents\GitHub\KeBlowFusePatchGenerator\Common\Release_LTCG\CL.47980.read.1.tlog
C:\Users\Mena\Documents\GitHub\KeBlowFusePatchGenerator\Common\Release_LTCG\CL.47980.write.1.tlog
C:\Users\Mena\Documents\GitHub\KeBlowFusePatchGenerator\Common\Release_LTCG\CL.49300.read.1.tlog
C:\Users\Mena\Documents\GitHub\KeBlowFusePatchGenerator\Common\Release_LTCG\CL.49300.write.1.tlog
C:\Users\Mena\Documents\GitHub\KeBlowFusePatchGenerator\Common\Release_LTCG\CL.49792.read.1.tlog
C:\Users\Mena\Documents\GitHub\KeBlowFusePatchGenerator\Common\Release_LTCG\CL.49792.write.1.tlog
C:\Users\Mena\Documents\GitHub\KeBlowFusePatchGenerator\Common\Release_LTCG\CL.51348.read.1.tlog
C:\Users\Mena\Documents\GitHub\KeBlowFusePatchGenerator\Common\Release_LTCG\CL.51348.write.1.tlog
C:\Users\Mena\Documents\GitHub\KeBlowFusePatchGenerator\Common\Release_LTCG\CL.51392.read.1.tlog
C:\Users\Mena\Documents\GitHub\KeBlowFusePatchGenerator\Common\Release_LTCG\CL.51392.write.1.tlog
C:\Users\Mena\Documents\GitHub\KeBlowFusePatchGenerator\Common\Release_LTCG\CL.52516.read.1.tlog
C:\Users\Mena\Documents\GitHub\KeBlowFusePatchGenerator\Common\Release_LTCG\CL.52516.write.1.tlog
C:\Users\Mena\Documents\GitHub\KeBlowFusePatchGenerator\Common\Release_LTCG\CL.55848.read.1.tlog
C:\Users\Mena\Documents\GitHub\KeBlowFusePatchGenerator\Common\Release_LTCG\CL.55848.write.1.tlog
C:\Users\Mena\Documents\GitHub\KeBlowFusePatchGenerator\Common\Release_LTCG\CL.57640.read.1.tlog
C:\Users\Mena\Documents\GitHub\KeBlowFusePatchGenerator\Common\Release_LTCG\CL.57640.write.1.tlog
C:\Users\Mena\Documents\GitHub\KeBlowFusePatchGenerator\Common\Release_LTCG\CL.60324.read.1.tlog
C:\Users\Mena\Documents\GitHub\KeBlowFusePatchGenerator\Common\Release_LTCG\CL.60324.write.1.tlog
C:\Users\Mena\Documents\GitHub\KeBlowFusePatchGenerator\Common\Release_LTCG\CL.60980.read.1.tlog
C:\Users\Mena\Documents\GitHub\KeBlowFusePatchGenerator\Common\Release_LTCG\CL.60980.write.1.tlog
C:\Users\Mena\Documents\GitHub\KeBlowFusePatchGenerator\Common\Release_LTCG\cl.command.1.tlog
C:\Users\Mena\Documents\GitHub\KeBlowFusePatchGenerator\Common\Release_LTCG\CL.read.1.tlog
C:\Users\Mena\Documents\GitHub\KeBlowFusePatchGenerator\Common\Release_LTCG\CL.write.1.tlog
C:\Users\Mena\Documents\GitHub\KeBlowFusePatchGenerator\Common\Release_LTCG\lib.command.1.tlog
C:\Users\Mena\Documents\GitHub\KeBlowFusePatchGenerator\Common\Release_LTCG\Lib-link.read.1.tlog
C:\Users\Mena\Documents\GitHub\KeBlowFusePatchGenerator\Common\Release_LTCG\Lib-link.write.1.tlog
C:\USERS\MENA\DOCUMENTS\GITHUB\KEBLOWFUSEPATCHGENERATOR\COMMON\RELEASE_LTCG\STDAFX.OBJ
C:\USERS\MENA\DOCUMENTS\GITHUB\KEBLOWFUSEPATCHGENERATOR\COMMON\RELEASE_LTCG\VC100.PDB
